0 info it worked if it ends with ok
1 verbose cli [ '/usr/bin/node',
1 verbose cli   '/usr/bin/npm',
1 verbose cli   'install',
1 verbose cli   'karma-chrome-launcher',
1 verbose cli   '-g',
1 verbose cli   '--save-dev' ]
2 info using npm@1.4.28
3 info using node@v0.10.33
4 verbose node symlink /usr/bin/node
5 verbose cache add [ 'karma-chrome-launcher', null ]
6 verbose cache add name=undefined spec="karma-chrome-launcher" args=["karma-chrome-launcher",null]
7 verbose parsed url { protocol: null,
7 verbose parsed url   slashes: null,
7 verbose parsed url   auth: null,
7 verbose parsed url   host: null,
7 verbose parsed url   port: null,
7 verbose parsed url   hostname: null,
7 verbose parsed url   hash: null,
7 verbose parsed url   search: null,
7 verbose parsed url   query: null,
7 verbose parsed url   pathname: 'karma-chrome-launcher',
7 verbose parsed url   path: 'karma-chrome-launcher',
7 verbose parsed url   href: 'karma-chrome-launcher' }
8 silly lockFile 4f6bc915-karma-chrome-launcher karma-chrome-launcher
9 verbose lock karma-chrome-launcher /home/tomasz/.npm/4f6bc915-karma-chrome-launcher.lock
10 silly lockFile 4f6bc915-karma-chrome-launcher karma-chrome-launcher
11 silly lockFile 4f6bc915-karma-chrome-launcher karma-chrome-launcher
12 verbose addNamed [ 'karma-chrome-launcher', '' ]
13 verbose addNamed [ null, '*' ]
14 silly lockFile cd66acf6-karma-chrome-launcher karma-chrome-launcher@
15 verbose lock karma-chrome-launcher@ /home/tomasz/.npm/cd66acf6-karma-chrome-launcher.lock
16 silly addNameRange { name: 'karma-chrome-launcher', range: '*', hasData: false }
17 verbose request where is /karma-chrome-launcher
18 verbose request registry https://registry.npmjs.org/
19 verbose request id bf57f761a0b96695
20 verbose url raw /karma-chrome-launcher
21 verbose url resolving [ 'https://registry.npmjs.org/', './karma-chrome-launcher' ]
22 verbose url resolved https://registry.npmjs.org/karma-chrome-launcher
23 verbose request where is https://registry.npmjs.org/karma-chrome-launcher
24 info trying registry request attempt 1 at 12:11:48
25 verbose etag "3JE0NHD9CKD2YUMUXT6Y2BEQB"
26 http GET https://registry.npmjs.org/karma-chrome-launcher
27 http 304 https://registry.npmjs.org/karma-chrome-launcher
28 silly registry.get cb [ 304,
28 silly registry.get   { date: 'Tue, 18 Nov 2014 11:11:48 GMT',
28 silly registry.get     server: 'Apache',
28 silly registry.get     via: '1.1 varnish',
28 silly registry.get     'last-modified': 'Tue, 18 Nov 2014 11:11:48 GMT',
28 silly registry.get     'cache-control': 'max-age=60',
28 silly registry.get     etag: '"3JE0NHD9CKD2YUMUXT6Y2BEQB"',
28 silly registry.get     age: '7',
28 silly registry.get     'x-served-by': 'cache-ams4126-AMS',
28 silly registry.get     'x-cache': 'HIT',
28 silly registry.get     'x-cache-hits': '1',
28 silly registry.get     'x-timer': 'S1416309108.808965,VS0,VE0',
28 silly registry.get     vary: 'Accept',
28 silly registry.get     'content-length': '0',
28 silly registry.get     'keep-alive': 'timeout=10, max=50',
28 silly registry.get     connection: 'Keep-Alive' } ]
29 verbose etag https://registry.npmjs.org/karma-chrome-launcher from cache
30 silly addNameRange number 2 { name: 'karma-chrome-launcher', range: '*', hasData: true }
31 silly addNameRange versions [ 'karma-chrome-launcher',
31 silly addNameRange   [ '0.0.1',
31 silly addNameRange     '0.0.2',
31 silly addNameRange     '0.1.0',
31 silly addNameRange     '0.1.1',
31 silly addNameRange     '0.1.2',
31 silly addNameRange     '0.1.3',
31 silly addNameRange     '0.1.4',
31 silly addNameRange     '0.1.5' ] ]
32 verbose addNamed [ 'karma-chrome-launcher', '0.1.5' ]
33 verbose addNamed [ '0.1.5', '0.1.5' ]
34 silly lockFile 8243f81a-karma-chrome-launcher-0-1-5 karma-chrome-launcher@0.1.5
35 verbose lock karma-chrome-launcher@0.1.5 /home/tomasz/.npm/8243f81a-karma-chrome-launcher-0-1-5.lock
36 silly lockFile 8243f81a-karma-chrome-launcher-0-1-5 karma-chrome-launcher@0.1.5
37 silly lockFile 8243f81a-karma-chrome-launcher-0-1-5 karma-chrome-launcher@0.1.5
38 silly lockFile cd66acf6-karma-chrome-launcher karma-chrome-launcher@
39 silly lockFile cd66acf6-karma-chrome-launcher karma-chrome-launcher@
40 silly resolved [ { name: 'karma-chrome-launcher',
40 silly resolved     version: '0.1.5',
40 silly resolved     description: 'A Karma plugin. Launcher for Chrome and Chrome Canary.',
40 silly resolved     main: 'index.js',
40 silly resolved     scripts: { test: 'echo "Error: no test specified" && exit 1' },
40 silly resolved     repository:
40 silly resolved      { type: 'git',
40 silly resolved        url: 'git://github.com/karma-runner/karma-chrome-launcher.git' },
40 silly resolved     keywords: [ 'karma-plugin', 'karma-launcher', 'chrome' ],
40 silly resolved     author: { name: 'Vojta Jina', email: 'vojta.jina@gmail.com' },
40 silly resolved     dependencies: {},
40 silly resolved     peerDependencies: { karma: '>=0.9.3' },
40 silly resolved     license: 'MIT',
40 silly resolved     devDependencies:
40 silly resolved      { grunt: '~0.4.1',
40 silly resolved        'grunt-npm': '~0.0.2',
40 silly resolved        'grunt-bump': '~0.0.6',
40 silly resolved        'grunt-auto-release': '~0.0.2' },
40 silly resolved     contributors:
40 silly resolved      [ [Object],
40 silly resolved        [Object],
40 silly resolved        [Object],
40 silly resolved        [Object],
40 silly resolved        [Object],
40 silly resolved        [Object],
40 silly resolved        [Object] ],
40 silly resolved     bugs: { url: 'https://github.com/karma-runner/karma-chrome-launcher/issues' },
40 silly resolved     homepage: 'https://github.com/karma-runner/karma-chrome-launcher',
40 silly resolved     _id: 'karma-chrome-launcher@0.1.5',
40 silly resolved     dist:
40 silly resolved      { shasum: '70e95dca5c4d7a15884850daa3ab60d648dbfe8b',
40 silly resolved        tarball: 'http://registry.npmjs.org/karma-chrome-launcher/-/karma-chrome-launcher-0.1.5.tgz' },
40 silly resolved     _from: 'karma-chrome-launcher@',
40 silly resolved     _npmVersion: '1.4.4',
40 silly resolved     _npmUser: { name: 'vojtajina', email: 'vojta.jina@gmail.com' },
40 silly resolved     maintainers: [ [Object] ],
40 silly resolved     directories: {},
40 silly resolved     _shasum: '70e95dca5c4d7a15884850daa3ab60d648dbfe8b',
40 silly resolved     _resolved: 'https://registry.npmjs.org/karma-chrome-launcher/-/karma-chrome-launcher-0.1.5.tgz',
40 silly resolved     readme: 'ERROR: No README data found!' } ]
41 info install karma-chrome-launcher@0.1.5 into /usr/lib
42 info installOne karma-chrome-launcher@0.1.5
43 verbose lib/node_modules/karma-chrome-launcher unbuild
44 verbose tar unpack /home/tomasz/.npm/karma-chrome-launcher/0.1.5/package.tgz
45 silly lockFile 63b5495e-de-modules-karma-chrome-launcher tar:///usr/lib/node_modules/karma-chrome-launcher
46 verbose lock tar:///usr/lib/node_modules/karma-chrome-launcher /home/tomasz/.npm/63b5495e-de-modules-karma-chrome-launcher.lock
47 silly lockFile 588d1b97-hrome-launcher-0-1-5-package-tgz tar:///home/tomasz/.npm/karma-chrome-launcher/0.1.5/package.tgz
48 verbose lock tar:///home/tomasz/.npm/karma-chrome-launcher/0.1.5/package.tgz /home/tomasz/.npm/588d1b97-hrome-launcher-0-1-5-package-tgz.lock
49 silly gunzTarPerm modes [ '755', '644' ]
50 error Error: EACCES, mkdir '/usr/lib/node_modules/karma-chrome-launcher'
50 error  { [Error: EACCES, mkdir '/usr/lib/node_modules/karma-chrome-launcher']
50 error   errno: 3,
50 error   code: 'EACCES',
50 error   path: '/usr/lib/node_modules/karma-chrome-launcher',
50 error   fstream_type: 'Directory',
50 error   fstream_path: '/usr/lib/node_modules/karma-chrome-launcher',
50 error   fstream_class: 'DirWriter',
50 error   fstream_stack:
50 error    [ '/usr/lib/node_modules/npm/node_modules/fstream/lib/dir-writer.js:36:23',
50 error      '/usr/lib/node_modules/npm/node_modules/mkdirp/index.js:46:53',
50 error      'Object.oncomplete (fs.js:107:15)' ] }
51 error Please try running this command again as root/Administrator.
52 error System Linux 3.2.0-69-generic
53 error command "/usr/bin/node" "/usr/bin/npm" "install" "karma-chrome-launcher" "-g" "--save-dev"
54 error cwd /home/tomasz/Dropbox/angular-seed
55 error node -v v0.10.33
56 error npm -v 1.4.28
57 error path /usr/lib/node_modules/karma-chrome-launcher
58 error fstream_path /usr/lib/node_modules/karma-chrome-launcher
59 error fstream_type Directory
60 error fstream_class DirWriter
61 error code EACCES
62 error errno 3
63 error stack Error: EACCES, mkdir '/usr/lib/node_modules/karma-chrome-launcher'
64 error fstream_stack /usr/lib/node_modules/npm/node_modules/fstream/lib/dir-writer.js:36:23
64 error fstream_stack /usr/lib/node_modules/npm/node_modules/mkdirp/index.js:46:53
64 error fstream_stack Object.oncomplete (fs.js:107:15)
65 verbose exit [ 3, true ]
